<?xml version="1.0" encoding="UTF-8"?>
<testng-results skipped="0" failed="0" total="1" passed="1">
  <reporter-output>
  </reporter-output>
  <suite name="Single" duration-ms="14271" started-at="2019-12-24T12:04:27Z" finished-at="2019-12-24T12:04:41Z">
    <groups>
    </groups>
    <test name="SingleTest" duration-ms="14271" started-at="2019-12-24T12:04:27Z" finished-at="2019-12-24T12:04:41Z">
      <class name="com.browserstack.SingleTest">
        <test-method status="PASS" signature="setUp(java.lang.String, java.lang.String)[pri:0, instance:com.browserstack.SingleTest@1e8656c7]" name="setUp" is-config="true" duration-ms="4487" started-at="2019-12-24T17:34:27Z" finished-at="2019-12-24T17:34:32Z">
          <params>
            <param index="0">
              <value>
                <![CDATA[single.conf.json]]>
              </value>
            </param>
            <param index="1">
              <value>
                <![CDATA[chrome]]>
              </value>
            </param>
          </params>
          <reporter-output>
          </reporter-output>
        </test-method> <!-- setUp -->
        <test-method status="PASS" signature="test()[pri:0, instance:com.browserstack.SingleTest@1e8656c7]" name="test" duration-ms="8589" started-at="2019-12-24T17:34:32Z" finished-at="2019-12-24T17:34:40Z">
          <reporter-output>
          </reporter-output>
        </test-method> <!-- test -->
        <test-method status="PASS" signature="tearDown()[pri:0, instance:com.browserstack.SingleTest@1e8656c7]" name="tearDown" is-config="true" duration-ms="1184" started-at="2019-12-24T17:34:40Z" finished-at="2019-12-24T17:34:41Z">
          <reporter-output>
          </reporter-output>
        </test-method> <!-- tearDown -->
      </class> <!-- com.browserstack.SingleTest -->
    </test> <!-- SingleTest -->
  </suite> <!-- Single -->
</testng-results>
