<?xml version="1.0" encoding="UTF-8"?>
<testng-results skipped="0" failed="0" total="1" passed="1">
  <reporter-output>
  </reporter-output>
  <suite name="Single" duration-ms="14977" started-at="2020-01-07T09:08:41Z" finished-at="2020-01-07T09:08:56Z">
    <groups>
    </groups>
    <test name="SingleTest" duration-ms="14977" started-at="2020-01-07T09:08:41Z" finished-at="2020-01-07T09:08:56Z">
      <class name="com.browserstack.SingleTest">
        <test-method status="PASS" signature="setUp(java.lang.String, java.lang.String)[pri:0, instance:com.browserstack.SingleTest@677d86f9]" name="setUp" is-config="true" duration-ms="5195" started-at="2020-01-07T14:38:41Z" finished-at="2020-01-07T14:38:46Z">
          <params>
            <param index="0">
              <value>
                <![CDATA[single.conf.json]]>
              </value>
            </param>
            <param index="1">
              <value>
                <![CDATA[chrome]]>
              </value>
            </param>
          </params>
          <reporter-output>
          </reporter-output>
        </test-method> <!-- setUp -->
        <test-method status="PASS" signature="test()[pri:0, instance:com.browserstack.SingleTest@677d86f9]" name="test" duration-ms="8549" started-at="2020-01-07T14:38:46Z" finished-at="2020-01-07T14:38:54Z">
          <reporter-output>
          </reporter-output>
        </test-method> <!-- test -->
        <test-method status="PASS" signature="tearDown()[pri:0, instance:com.browserstack.SingleTest@677d86f9]" name="tearDown" is-config="true" duration-ms="1222" started-at="2020-01-07T14:38:54Z" finished-at="2020-01-07T14:38:56Z">
          <reporter-output>
          </reporter-output>
        </test-method> <!-- tearDown -->
      </class> <!-- com.browserstack.SingleTest -->
    </test> <!-- SingleTest -->
  </suite> <!-- Single -->
</testng-results>
