<?xml version="1.0" encoding="UTF-8"?>
<testng-results skipped="0" failed="0" total="1" passed="1">
  <reporter-output>
  </reporter-output>
  <suite name="Local" duration-ms="15449" started-at="2019-12-24T12:05:34Z" finished-at="2019-12-24T12:05:50Z">
    <groups>
    </groups>
    <test name="LocalTest" duration-ms="15449" started-at="2019-12-24T12:05:34Z" finished-at="2019-12-24T12:05:50Z">
      <class name="com.browserstack.LocalTest">
        <test-method status="PASS" signature="setUp(java.lang.String, java.lang.String)[pri:0, instance:com.browserstack.LocalTest@2b4f92ca]" name="setUp" is-config="true" duration-ms="11889" started-at="2019-12-24T17:35:34Z" finished-at="2019-12-24T17:35:46Z">
          <params>
            <param index="0">
              <value>
                <![CDATA[local.conf.json]]>
              </value>
            </param>
            <param index="1">
              <value>
                <![CDATA[chrome]]>
              </value>
            </param>
          </params>
          <reporter-output>
          </reporter-output>
        </test-method> <!-- setUp -->
        <test-method status="PASS" signature="test()[pri:0, instance:com.browserstack.LocalTest@2b4f92ca]" name="test" duration-ms="347" started-at="2019-12-24T17:35:46Z" finished-at="2019-12-24T17:35:46Z">
          <reporter-output>
          </reporter-output>
        </test-method> <!-- test -->
        <test-method status="PASS" signature="tearDown()[pri:0, instance:com.browserstack.LocalTest@2b4f92ca]" name="tearDown" is-config="true" duration-ms="3203" started-at="2019-12-24T17:35:46Z" finished-at="2019-12-24T17:35:50Z">
          <reporter-output>
          </reporter-output>
        </test-method> <!-- tearDown -->
      </class> <!-- com.browserstack.LocalTest -->
    </test> <!-- LocalTest -->
  </suite> <!-- Local -->
</testng-results>
