<?xml version="1.0" encoding="UTF-8"?>
<testng-results skipped="0" failed="0" total="4" passed="4">
  <reporter-output>
  </reporter-output>
  <suite name="Parallel" duration-ms="18455" started-at="2019-12-24T12:08:43Z" finished-at="2019-12-24T12:09:02Z">
    <groups>
    </groups>
    <test name="SingleTestChrome" duration-ms="14332" started-at="2019-12-24T12:08:43Z" finished-at="2019-12-24T12:08:57Z">
      <class name="com.browserstack.SingleTest">
        <test-method status="PASS" signature="setUp(java.lang.String, java.lang.String)[pri:0, instance:com.browserstack.SingleTest@1e8656c7]" name="setUp" is-config="true" duration-ms="5242" started-at="2019-12-24T17:38:43Z" finished-at="2019-12-24T17:38:48Z">
          <params>
            <param index="0">
              <value>
                <![CDATA[parallel.conf.json]]>
              </value>
            </param>
            <param index="1">
              <value>
                <![CDATA[chrome]]>
              </value>
            </param>
          </params>
          <reporter-output>
          </reporter-output>
        </test-method> <!-- setUp -->
        <test-method status="PASS" signature="test()[pri:0, instance:com.browserstack.SingleTest@1e8656c7]" name="test" duration-ms="7892" started-at="2019-12-24T17:38:48Z" finished-at="2019-12-24T17:38:56Z">
          <reporter-output>
          </reporter-output>
        </test-method> <!-- test -->
        <test-method status="PASS" signature="tearDown()[pri:0, instance:com.browserstack.SingleTest@1e8656c7]" name="tearDown" is-config="true" duration-ms="1187" started-at="2019-12-24T17:38:56Z" finished-at="2019-12-24T17:38:57Z">
          <reporter-output>
          </reporter-output>
        </test-method> <!-- tearDown -->
      </class> <!-- com.browserstack.SingleTest -->
    </test> <!-- SingleTestChrome -->
    <test name="SingleTestIE" duration-ms="18455" started-at="2019-12-24T12:08:43Z" finished-at="2019-12-24T12:09:02Z">
      <class name="com.browserstack.SingleTest">
        <test-method status="PASS" signature="setUp(java.lang.String, java.lang.String)[pri:0, instance:com.browserstack.SingleTest@eef79ac]" name="setUp" is-config="true" duration-ms="6529" started-at="2019-12-24T17:38:43Z" finished-at="2019-12-24T17:38:50Z">
          <params>
            <param index="0">
              <value>
                <![CDATA[parallel.conf.json]]>
              </value>
            </param>
            <param index="1">
              <value>
                <![CDATA[ie]]>
              </value>
            </param>
          </params>
          <reporter-output>
          </reporter-output>
        </test-method> <!-- setUp -->
        <test-method status="PASS" signature="test()[pri:0, instance:com.browserstack.SingleTest@eef79ac]" name="test" duration-ms="11886" started-at="2019-12-24T17:38:50Z" finished-at="2019-12-24T17:39:02Z">
          <reporter-output>
          </reporter-output>
        </test-method> <!-- test -->
        <test-method status="PASS" signature="tearDown()[pri:0, instance:com.browserstack.SingleTest@eef79ac]" name="tearDown" is-config="true" duration-ms="29" started-at="2019-12-24T17:39:02Z" finished-at="2019-12-24T17:39:02Z">
          <reporter-output>
          </reporter-output>
        </test-method> <!-- tearDown -->
      </class> <!-- com.browserstack.SingleTest -->
    </test> <!-- SingleTestIE -->
    <test name="SingleTestSafari" duration-ms="18371" started-at="2019-12-24T12:08:43Z" finished-at="2019-12-24T12:09:01Z">
      <class name="com.browserstack.SingleTest">
        <test-method status="PASS" signature="setUp(java.lang.String, java.lang.String)[pri:0, instance:com.browserstack.SingleTest@12047cd8]" name="setUp" is-config="true" duration-ms="9949" started-at="2019-12-24T17:38:43Z" finished-at="2019-12-24T17:38:53Z">
          <params>
            <param index="0">
              <value>
                <![CDATA[parallel.conf.json]]>
              </value>
            </param>
            <param index="1">
              <value>
                <![CDATA[safari]]>
              </value>
            </param>
          </params>
          <reporter-output>
          </reporter-output>
        </test-method> <!-- setUp -->
        <test-method status="PASS" signature="test()[pri:0, instance:com.browserstack.SingleTest@12047cd8]" name="test" duration-ms="8035" started-at="2019-12-24T17:38:53Z" finished-at="2019-12-24T17:39:01Z">
          <reporter-output>
          </reporter-output>
        </test-method> <!-- test -->
        <test-method status="PASS" signature="tearDown()[pri:0, instance:com.browserstack.SingleTest@12047cd8]" name="tearDown" is-config="true" duration-ms="376" started-at="2019-12-24T17:39:01Z" finished-at="2019-12-24T17:39:01Z">
          <reporter-output>
          </reporter-output>
        </test-method> <!-- tearDown -->
      </class> <!-- com.browserstack.SingleTest -->
    </test> <!-- SingleTestSafari -->
    <test name="SingleTestFirefox" duration-ms="16507" started-at="2019-12-24T12:08:43Z" finished-at="2019-12-24T12:09:00Z">
      <class name="com.browserstack.SingleTest">
        <test-method status="PASS" signature="setUp(java.lang.String, java.lang.String)[pri:0, instance:com.browserstack.SingleTest@3725a0a7]" name="setUp" is-config="true" duration-ms="8707" started-at="2019-12-24T17:38:43Z" finished-at="2019-12-24T17:38:52Z">
          <params>
            <param index="0">
              <value>
                <![CDATA[parallel.conf.json]]>
              </value>
            </param>
            <param index="1">
              <value>
                <![CDATA[firefox]]>
              </value>
            </param>
          </params>
          <reporter-output>
          </reporter-output>
        </test-method> <!-- setUp -->
        <test-method status="PASS" signature="test()[pri:0, instance:com.browserstack.SingleTest@3725a0a7]" name="test" duration-ms="6297" started-at="2019-12-24T17:38:52Z" finished-at="2019-12-24T17:38:58Z">
          <reporter-output>
          </reporter-output>
        </test-method> <!-- test -->
        <test-method status="PASS" signature="tearDown()[pri:0, instance:com.browserstack.SingleTest@3725a0a7]" name="tearDown" is-config="true" duration-ms="1494" started-at="2019-12-24T17:38:58Z" finished-at="2019-12-24T17:39:00Z">
          <reporter-output>
          </reporter-output>
        </test-method> <!-- tearDown -->
      </class> <!-- com.browserstack.SingleTest -->
    </test> <!-- SingleTestFirefox -->
  </suite> <!-- Parallel -->
</testng-results>
